This is pdfTeX, Version 3.141592653-2.6-1.40.22 (TeX Live 2021) (preloaded format=pdflatex 2021.10.22)  7 SEP 2025 20:04
entering extended mode
 restricted \write18 enabled.
 %&-line parsing enabled.
**Appendix.tex
(./Appendix.tex
LaTeX2e <2020-10-01> patch level 4
L3 programming layer <2021-02-18>
(/usr/local/texlive/2021/texmf-dist/tex/latex/base/article.cls
Document Class: article 2020/04/10 v1.4m Standard LaTeX document class
(/usr/local/texlive/2021/texmf-dist/tex/latex/base/size12.clo
File: size12.clo 2020/04/10 v1.4m Standard LaTeX file (size option)
)
\c@part=\count179
\c@section=\count180
\c@subsection=\count181
\c@subsubsection=\count182
\c@paragraph=\count183
\c@subparagraph=\count184
\c@figure=\count185
\c@table=\count186
\abovecaptionskip=\skip47
\belowcaptionskip=\skip48
\bibindent=\dimen138
)
(/usr/local/texlive/2021/texmf-dist/tex/latex/amsmath/amsmath.sty
Package: amsmath 2020/09/23 v2.17i AMS math features
\@mathmargin=\skip49

For additional information on amsmath, use the `?' option.
(/usr/local/texlive/2021/texmf-dist/tex/latex/amsmath/amstext.sty
Package: amstext 2000/06/29 v2.01 AMS text

(/usr/local/texlive/2021/texmf-dist/tex/latex/amsmath/amsgen.sty
File: amsgen.sty 1999/11/30 v2.0 generic functions
\@emptytoks=\toks15
\ex@=\dimen139
))
(/usr/local/texlive/2021/texmf-dist/tex/latex/amsmath/amsbsy.sty
Package: amsbsy 1999/11/29 v1.2d Bold Symbols
\pmbraise@=\dimen140
)
(/usr/local/texlive/2021/texmf-dist/tex/latex/amsmath/amsopn.sty
Package: amsopn 2016/03/08 v2.02 operator names
)
\inf@bad=\count187
LaTeX Info: Redefining \frac on input line 234.
\uproot@=\count188
\leftroot@=\count189
LaTeX Info: Redefining \overline on input line 399.
\classnum@=\count190
\DOTSCASE@=\count191
LaTeX Info: Redefining \ldots on input line 496.
LaTeX Info: Redefining \dots on input line 499.
LaTeX Info: Redefining \cdots on input line 620.
\Mathstrutbox@=\box47
\strutbox@=\box48
\big@size=\dimen141
LaTeX Font Info:    Redeclaring font encoding OML on input line 743.
LaTeX Font Info:    Redeclaring font encoding OMS on input line 744.
\macc@depth=\count192
\c@MaxMatrixCols=\count193
\dotsspace@=\muskip16
\c@parentequation=\count194
\dspbrk@lvl=\count195
\tag@help=\toks16
\row@=\count196
\column@=\count197
\maxfields@=\count198
\andhelp@=\toks17
\eqnshift@=\dimen142
\alignsep@=\dimen143
\tagshift@=\dimen144
\tagwidth@=\dimen145
\totwidth@=\dimen146
\lineht@=\dimen147
\@envbody=\toks18
\multlinegap=\skip50
\multlinetaggap=\skip51
\mathdisplay@stack=\toks19
LaTeX Info: Redefining \[ on input line 2923.
LaTeX Info: Redefining \] on input line 2924.
)
(/usr/local/texlive/2021/texmf-dist/tex/latex/amscls/amsthm.sty
Package: amsthm 2020/05/29 v2.20.6
\thm@style=\toks20
\thm@bodyfont=\toks21
\thm@headfont=\toks22
\thm@notefont=\toks23
\thm@headpunct=\toks24
\thm@preskip=\skip52
\thm@postskip=\skip53
\thm@headsep=\skip54
\dth@everypar=\toks25
)
(/usr/local/texlive/2021/texmf-dist/tex/latex/geometry/geometry.sty
Package: geometry 2020/01/02 v5.9 Page Geometry

(/usr/local/texlive/2021/texmf-dist/tex/latex/graphics/keyval.sty
Package: keyval 2014/10/28 v1.15 key=value parser (DPC)
\KV@toks@=\toks26
)
(/usr/local/texlive/2021/texmf-dist/tex/generic/iftex/ifvtex.sty
Package: ifvtex 2019/10/25 v1.7 ifvtex legacy package. Use iftex instead.

(/usr/local/texlive/2021/texmf-dist/tex/generic/iftex/iftex.sty
Package: iftex 2020/03/06 v1.0d TeX engine tests
))
\Gm@cnth=\count199
\Gm@cntv=\count266
\c@Gm@tempcnt=\count267
\Gm@bindingoffset=\dimen148
\Gm@wd@mp=\dimen149
\Gm@odd@mp=\dimen150
\Gm@even@mp=\dimen151
\Gm@layoutwidth=\dimen152
\Gm@layoutheight=\dimen153
\Gm@layouthoffset=\dimen154
\Gm@layoutvoffset=\dimen155
\Gm@dimlist=\toks27
)
(/usr/local/texlive/2021/texmf-dist/tex/latex/graphics/rotating.sty
Package: rotating 2016/08/11 v2.16d rotated objects in LaTeX

(/usr/local/texlive/2021/texmf-dist/tex/latex/graphics/graphicx.sty
Package: graphicx 2020/09/09 v1.2b Enhanced LaTeX Graphics (DPC,SPQR)

(/usr/local/texlive/2021/texmf-dist/tex/latex/graphics/graphics.sty
Package: graphics 2020/08/30 v1.4c Standard LaTeX Graphics (DPC,SPQR)

(/usr/local/texlive/2021/texmf-dist/tex/latex/graphics/trig.sty
Package: trig 2016/01/03 v1.10 sin cos tan (DPC)
)
(/usr/local/texlive/2021/texmf-dist/tex/latex/graphics-cfg/graphics.cfg
File: graphics.cfg 2016/06/04 v1.11 sample graphics configuration
)
Package graphics Info: Driver file: pdftex.def on input line 105.

(/usr/local/texlive/2021/texmf-dist/tex/latex/graphics-def/pdftex.def
File: pdftex.def 2020/10/05 v1.2a Graphics/color driver for pdftex
))
\Gin@req@height=\dimen156
\Gin@req@width=\dimen157
)
(/usr/local/texlive/2021/texmf-dist/tex/latex/base/ifthen.sty
Package: ifthen 2014/09/29 v1.1c Standard LaTeX ifthen package (DPC)
)
\c@r@tfl@t=\count268
\rotFPtop=\skip55
\rotFPbot=\skip56
\rot@float@box=\box49
\rot@mess@toks=\toks28
)
(/usr/local/texlive/2021/texmf-dist/tex/latex/pdflscape/pdflscape.sty
Package: pdflscape 2019/12/05 v0.12 Display of landscape pages in PDF (HO)

(/usr/local/texlive/2021/texmf-dist/tex/latex/graphics/lscape.sty
Package: lscape 2020/05/28 v3.02 Landscape Pages (DPC)
)
Package pdflscape Info: Auto-detected driver: pdftex on input line 81.
)
(/usr/local/texlive/2021/texmf-dist/tex/latex/tools/afterpage.sty
Package: afterpage 2014/10/28 v1.08 After-Page Package (DPC)
\AP@output=\toks29
\AP@partial=\box50
\AP@footins=\box51
)
(/usr/local/texlive/2021/texmf-dist/tex/latex/amsfonts/amssymb.sty
Package: amssymb 2013/01/14 v3.01 AMS font symbols

(/usr/local/texlive/2021/texmf-dist/tex/latex/amsfonts/amsfonts.sty
Package: amsfonts 2013/01/14 v3.01 Basic AMSFonts support
\symAMSa=\mathgroup4
\symAMSb=\mathgroup5
LaTeX Font Info:    Redeclaring math symbol \hbar on input line 98.
LaTeX Font Info:    Overwriting math alphabet `\mathfrak' in version `bold'
(Font)                  U/euf/m/n --> U/euf/b/n on input line 106.
))
(/usr/local/texlive/2021/texmf-dist/tex/latex/epstopdf-pkg/epstopdf.sty
Package: epstopdf 2020-01-24 v2.11 Conversion with epstopdf on the fly (HO)

(/usr/local/texlive/2021/texmf-dist/tex/generic/infwarerr/infwarerr.sty
Package: infwarerr 2019/12/03 v1.5 Providing info/warning/error messages (HO)
)
(/usr/local/texlive/2021/texmf-dist/tex/latex/grfext/grfext.sty
Package: grfext 2019/12/03 v1.3 Manage graphics extensions (HO)

(/usr/local/texlive/2021/texmf-dist/tex/generic/kvdefinekeys/kvdefinekeys.sty
Package: kvdefinekeys 2019-12-19 v1.6 Define keys (HO)
)) (/usr/local/texlive/2021/texmf-dist/tex/latex/kvoptions/kvoptions.sty
Package: kvoptions 2020-10-07 v3.14 Key value format for package options (HO)

(/usr/local/texlive/2021/texmf-dist/tex/generic/ltxcmds/ltxcmds.sty
Package: ltxcmds 2020-05-10 v1.25 LaTeX kernel commands for general use (HO)
)
(/usr/local/texlive/2021/texmf-dist/tex/generic/kvsetkeys/kvsetkeys.sty
Package: kvsetkeys 2019/12/15 v1.18 Key value parser (HO)
))
(/usr/local/texlive/2021/texmf-dist/tex/generic/pdftexcmds/pdftexcmds.sty
Package: pdftexcmds 2020-06-27 v0.33 Utility functions of pdfTeX for LuaTeX (HO
)
Package pdftexcmds Info: \pdf@primitive is available.
Package pdftexcmds Info: \pdf@ifprimitive is available.
Package pdftexcmds Info: \pdfdraftmode found.
)
(/usr/local/texlive/2021/texmf-dist/tex/latex/epstopdf-pkg/epstopdf-base.sty
Package: epstopdf-base 2020-01-24 v2.11 Base part for package epstopdf
Package epstopdf-base Info: Redefining graphics rule for `.eps' on input line 4
85.
Package grfext Info: Graphics extension search list:
(grfext)             [.pdf,.png,.jpg,.mps,.jpeg,.jbig2,.jb2,.PDF,.PNG,.JPG,.JPE
G,.JBIG2,.JB2,.eps]
(grfext)             \AppendGraphicsExtensions on input line 504.

(/usr/local/texlive/2021/texmf-dist/tex/latex/latexconfig/epstopdf-sys.cfg
File: epstopdf-sys.cfg 2010/07/13 v1.3 Configuration of (r)epstopdf for TeX Liv
e
)))
(/usr/local/texlive/2021/texmf-dist/tex/latex/multirow/multirow.sty
Package: multirow 2021/03/15 v2.8 Span multiple rows of a table
\multirow@colwidth=\skip57
\multirow@cntb=\count269
\multirow@dima=\skip58
\bigstrutjot=\dimen158
)
(/usr/local/texlive/2021/texmf-dist/tex/latex/booktabs/booktabs.sty
Package: booktabs 2020/01/12 v1.61803398 Publication quality tables
\heavyrulewidth=\dimen159
\lightrulewidth=\dimen160
\cmidrulewidth=\dimen161
\belowrulesep=\dimen162
\belowbottomsep=\dimen163
\aboverulesep=\dimen164
\abovetopsep=\dimen165
\cmidrulesep=\dimen166
\cmidrulekern=\dimen167
\defaultaddspace=\dimen168
\@cmidla=\count270
\@cmidlb=\count271
\@aboverulesep=\dimen169
\@belowrulesep=\dimen170
\@thisruleclass=\count272
\@lastruleclass=\count273
\@thisrulewidth=\dimen171
)
(/usr/local/texlive/2021/texmf-dist/tex/latex/setspace/setspace.sty
Package: setspace 2011/12/19 v6.7a set line spacing
)
(/usr/local/texlive/2021/texmf-dist/tex/latex/float/float.sty
Package: float 2001/11/08 v1.3d Float enhancements (AL)
\c@float@type=\count274
\float@exts=\toks30
\float@box=\box52
\@float@everytoks=\toks31
\@floatcapt=\box53
)
(/usr/local/texlive/2021/texmf-dist/tex/latex/natbib/natbib.sty
Package: natbib 2010/09/13 8.31b (PWD, AO)
\bibhang=\skip59
\bibsep=\skip60
LaTeX Info: Redefining \cite on input line 694.
\c@NAT@ctr=\count275
)
(/usr/local/texlive/2021/texmf-dist/tex/latex/footmisc/footmisc.sty
Package: footmisc 2011/06/06 v5.5b a miscellany of footnote facilities
\FN@temptoken=\toks32
\footnotemargin=\dimen172
\c@pp@next@reset=\count276
Package footmisc Info: Declaring symbol style bringhurst on input line 855.
Package footmisc Info: Declaring symbol style chicago on input line 863.
Package footmisc Info: Declaring symbol style wiley on input line 872.
Package footmisc Info: Declaring symbol style lamport-robust on input line 883.

Package footmisc Info: Declaring symbol style lamport* on input line 903.
Package footmisc Info: Declaring symbol style lamport*-robust on input line 924
.
)
\c@prop=\count277
\c@cor=\count278
\c@lemma=\count279
\c@assumption=\count280

(/usr/local/texlive/2021/texmf-dist/tex/latex/xcolor/xcolor.sty
Package: xcolor 2016/05/11 v2.12 LaTeX color extensions (UK)

(/usr/local/texlive/2021/texmf-dist/tex/latex/graphics-cfg/color.cfg
File: color.cfg 2016/01/02 v1.6 sample color configuration
)
Package xcolor Info: Driver file: pdftex.def on input line 225.
Package xcolor Info: Model `cmy' substituted by `cmy0' on input line 1348.
Package xcolor Info: Model `hsb' substituted by `rgb' on input line 1352.
Package xcolor Info: Model `RGB' extended on input line 1364.
Package xcolor Info: Model `HTML' substituted by `rgb' on input line 1366.
Package xcolor Info: Model `Hsb' substituted by `hsb' on input line 1367.
Package xcolor Info: Model `tHsb' substituted by `hsb' on input line 1368.
Package xcolor Info: Model `HSB' substituted by `hsb' on input line 1369.
Package xcolor Info: Model `Gray' substituted by `gray' on input line 1370.
Package xcolor Info: Model `wave' substituted by `hsb' on input line 1371.
)
(/usr/local/texlive/2021/texmf-dist/tex/latex/tools/xr.sty
Package: xr 2020-05-10 v5.06 eXternal References (DPC)
)

Package xr Warning: 
No file PaperAccepted.aux
LABELS NOT IMPORTED.
 on input line 34.

(/usr/local/texlive/2021/texmf-dist/tex/latex/datatool/datatool.sty
Package: datatool 2019/09/27 v2.32 (NLCT)

(/usr/local/texlive/2021/texmf-dist/tex/latex/xkeyval/xkeyval.sty
Package: xkeyval 2020/11/20 v2.8 package option processing (HA)

(/usr/local/texlive/2021/texmf-dist/tex/generic/xkeyval/xkeyval.tex
(/usr/local/texlive/2021/texmf-dist/tex/generic/xkeyval/xkvutils.tex
\XKV@toks=\toks33
\XKV@tempa@toks=\toks34
)
\XKV@depth=\count281
File: xkeyval.tex 2014/12/03 v2.7a key=value parser (HA)
))
(/usr/local/texlive/2021/texmf-dist/tex/latex/xfor/xfor.sty
Package: xfor 2009/02/05 v1.05 (NLCT)
)
(/usr/local/texlive/2021/texmf-dist/tex/latex/substr/substr.sty
Package: substr 2009/10/20 v1.2 Handle substrings
\c@su@anzahl=\count282
)
(/usr/local/texlive/2021/texmf-dist/tex/latex/etoolbox/etoolbox.sty
Package: etoolbox 2020/10/05 v2.5k e-TeX tools for LaTeX (JAW)
\etb@tempcnta=\count283
)
(/usr/local/texlive/2021/texmf-dist/tex/latex/datatool/datatool-base.sty
Package: datatool-base 2019/09/27 v2.32 (NLCT)

(/usr/local/texlive/2021/texmf-dist/tex/latex/datatool/datatool-fp.sty
Package: datatool-fp 2019/09/27 v2.32 (NLCT)

(/usr/local/texlive/2021/texmf-dist/tex/latex/fp/fp.sty
Package: fp 1995/04/02

`Fixed Point Package', Version 0.8, April 2, 1995 (C) Michael Mehlich
(/usr/local/texlive/2021/texmf-dist/tex/latex/fp/defpattern.sty
Package: defpattern 1994/10/12
\actioncount=\count284
)
(/usr/local/texlive/2021/texmf-dist/tex/latex/fp/fp-basic.sty
Package: fp-basic 1996/05/13
\FP@xs=\count285
\FP@xia=\count286
\FP@xib=\count287
\FP@xfa=\count288
\FP@xfb=\count289
\FP@rega=\count290
\FP@regb=\count291
\FP@regs=\count292
\FP@times=\count293
)
(/usr/local/texlive/2021/texmf-dist/tex/latex/fp/fp-addons.sty
Package: fp-addons 1995/03/15
)
(/usr/local/texlive/2021/texmf-dist/tex/latex/fp/fp-snap.sty
Package: fp-snap 1995/04/05
)
(/usr/local/texlive/2021/texmf-dist/tex/latex/fp/fp-exp.sty
Package: fp-exp 1995/04/03
)
(/usr/local/texlive/2021/texmf-dist/tex/latex/fp/fp-trigo.sty
Package: fp-trigo 1995/04/14
)
(/usr/local/texlive/2021/texmf-dist/tex/latex/fp/fp-pas.sty
Package: fp-pas 1994/08/29
)
(/usr/local/texlive/2021/texmf-dist/tex/latex/fp/fp-random.sty
Package: fp-random 1995/02/23
\FPseed=\count294
)
(/usr/local/texlive/2021/texmf-dist/tex/latex/fp/fp-eqn.sty
Package: fp-eqn 1995/04/03
)
(/usr/local/texlive/2021/texmf-dist/tex/latex/fp/fp-upn.sty
Package: fp-upn 1996/10/21
)
(/usr/local/texlive/2021/texmf-dist/tex/latex/fp/fp-eval.sty
Package: fp-eval 1995/04/03
)))
\@dtl@toks=\toks35
\@dtl@tmpcount=\count295
\dtl@tmplength=\skip61
\dtl@sortresult=\count296
\@dtl@numgrpsepcount=\count297
\@dtl@datatype=\count298
\dtl@codeA=\count299
\dtl@codeB=\count300
\@dtl@foreach@level=\count301
)
\dtlcolumnnum=\count302
\dtlrownum=\count303
\@dtl@before=\toks36
\@dtl@after=\toks37
\@dtl@colhead=\toks38
\dtlcurrentrow=\toks39
\dtlbeforerow=\toks40
\dtlafterrow=\toks41
\dtlforeachlevel=\count304
\c@DTLrowi=\count305
\c@DTLrowii=\count306
\c@DTLrowiii=\count307
\c@DTLrow=\count308
\dtl@rowi=\count309
\dtl@rowii=\count310
\dtl@rowiii=\count311
\@dtl@curi=\toks42
\@dtl@previ=\toks43
\@dtl@nexti=\toks44
\@dtl@curii=\toks45
\@dtl@previi=\toks46
\@dtl@nextii=\toks47
\@dtl@curiii=\toks48
\@dtl@previii=\toks49
\@dtl@nextiii=\toks50
\@dtl@elements=\count312
\@dtl@list=\toks51
\@dtl@rowa=\toks52
\@dtl@rowb=\toks53
\@dtl@toksA=\toks54
\@dtl@toksB=\toks55
\@dtl@write=\write3
\@dtl@read=\read2
\dtl@entrycr=\count313
\dtl@omitlines=\count314
)
\dtldb@valuesData=\toks56
\dtlkeys@valuesData=\toks57
\dtlrows@valuesData=\count315
\dtlcols@valuesData=\count316

(/usr/local/texlive/2021/texmf-dist/tex/latex/csvsimple/csvsimple.sty
Package: csvsimple 2019/04/09 version 1.21 LaTeX CSV file processing

(/usr/local/texlive/2021/texmf-dist/tex/latex/pgf/utilities/pgfrcs.sty
(/usr/local/texlive/2021/texmf-dist/tex/generic/pgf/utilities/pgfutil-common.te
x
\pgfutil@everybye=\toks58
\pgfutil@tempdima=\dimen173
\pgfutil@tempdimb=\dimen174

(/usr/local/texlive/2021/texmf-dist/tex/generic/pgf/utilities/pgfutil-common-li
sts.tex))
(/usr/local/texlive/2021/texmf-dist/tex/generic/pgf/utilities/pgfutil-latex.def
\pgfutil@abb=\box54
) (/usr/local/texlive/2021/texmf-dist/tex/generic/pgf/utilities/pgfrcs.code.tex
(/usr/local/texlive/2021/texmf-dist/tex/generic/pgf/pgf.revision.tex)
Package: pgfrcs 2020/12/27 v3.1.8b (3.1.8b)
))
(/usr/local/texlive/2021/texmf-dist/tex/latex/pgf/utilities/pgfkeys.sty
(/usr/local/texlive/2021/texmf-dist/tex/generic/pgf/utilities/pgfkeys.code.tex
\pgfkeys@pathtoks=\toks59
\pgfkeys@temptoks=\toks60

(/usr/local/texlive/2021/texmf-dist/tex/generic/pgf/utilities/pgfkeysfiltered.c
ode.tex
\pgfkeys@tmptoks=\toks61
))) (/usr/local/texlive/2021/texmf-dist/tex/latex/tools/shellesc.sty
Package: shellesc 2019/11/08 v1.0c unified shell escape interface for LaTeX
Package shellesc Info: Restricted shell escape enabled on input line 77.
)
\csv@file=\read3
\c@csvinputline=\count317
\c@csvrow=\count318
\c@csvcol=\count319
\csv@out=\write4
)
(/usr/local/texlive/2021/texmf-dist/tex/latex/tools/longtable.sty
Package: longtable 2020/01/07 v4.13 Multi-page Table package (DPC)
\LTleft=\skip62
\LTright=\skip63
\LTpre=\skip64
\LTpost=\skip65
\LTchunksize=\count320
\LTcapwidth=\dimen175
\LT@head=\box55
\LT@firsthead=\box56
\LT@foot=\box57
\LT@lastfoot=\box58
\LT@cols=\count321
\LT@rows=\count322
\c@LT@tables=\count323
\c@LT@chunks=\count324
\LT@p@ftn=\toks62
)
(/usr/local/texlive/2021/texmf-dist/tex/latex/tools/tabularx.sty
Package: tabularx 2020/01/15 v2.11c `tabularx' package (DPC)

(/usr/local/texlive/2021/texmf-dist/tex/latex/tools/array.sty
Package: array 2020/10/01 v2.5c Tabular extension package (FMi)
\col@sep=\dimen176
\ar@mcellbox=\box59
\extrarowheight=\dimen177
\NC@list=\toks63
\extratabsurround=\skip66
\backup@length=\skip67
\ar@cellbox=\box60
)
\TX@col@width=\dimen178
\TX@old@table=\dimen179
\TX@old@col=\dimen180
\TX@target=\dimen181
\TX@delta=\dimen182
\TX@cols=\count325
\TX@ftn=\toks64
)
(/usr/local/texlive/2021/texmf-dist/tex/latex/caption/caption.sty
Package: caption 2020/10/26 v3.5g Customizing captions (AR)

(/usr/local/texlive/2021/texmf-dist/tex/latex/caption/caption3.sty
Package: caption3 2020/10/21 v2.2e caption3 kernel (AR)
\captionmargin=\dimen183
\captionmargin@=\dimen184
\captionwidth=\dimen185
\caption@tempdima=\dimen186
\caption@indent=\dimen187
\caption@parindent=\dimen188
\caption@hangindent=\dimen189
Package caption Info: Standard document class detected.
)
\c@caption@flags=\count326
\c@continuedfloat=\count327
Package caption Info: float package is loaded.
Package caption Info: longtable package is loaded.

(/usr/local/texlive/2021/texmf-dist/tex/latex/caption/ltcaption.sty
Package: ltcaption 2020/05/30 v1.4b longtable captions (AR)
)
Package caption Info: rotating package is loaded.
)
(/usr/local/texlive/2021/texmf-dist/tex/latex/caption/subcaption.sty
Package: subcaption 2020/10/07 v1.3j Sub-captions (AR)
\c@subfigure=\count328
\c@subtable=\count329
)
(/usr/local/texlive/2021/texmf-dist/tex/latex/datetime/datetime.sty
Package: datetime 2015/03/20 v2.60 Date Time Package

(/usr/local/texlive/2021/texmf-dist/tex/latex/fmtcount/fmtcount.sty
Package: fmtcount 2020/01/30 v3.07

(/usr/local/texlive/2021/texmf-dist/tex/latex/fmtcount/fcprefix.sty
Package: fcprefix 2012/09/28

(/usr/local/texlive/2021/texmf-dist/tex/latex/fmtcount/fcnumparser.sty
Package: fcnumparser 2017/06/15
\fc@digit@counter=\count330
))
\c@padzeroesN=\count331
\fc@tmpcatcode=\count332
\@DT@modctr=\count333
\@ordinalctr=\count334
\@orgargctr=\count335
\@strctr=\count336
\@tmpstrctr=\count337
\@DT@loopN=\count338
\@DT@X=\count339
)
(/usr/local/texlive/2021/texmf-dist/tex/latex/datetime/datetime-defaults.sty
Package: datetime-defaults 2013/09/10
)
\@day=\count340
\@month=\count341
\@year=\count342
\c@HOUR=\count343
\c@HOURXII=\count344
\c@MINUTE=\count345
\c@TOHOUR=\count346
\c@TOMINUTE=\count347
\c@SECOND=\count348
\currenthour=\count349
\currentminute=\count350
\currentsecond=\count351
Package datetime Info: No datetime.cfg file found, using default settings on in
put line 308.
\@dtctr=\count352
\dayofyear=\count353
\dayofweek=\count354
LaTeX Info: Redefining \today on input line 736.
\dt@a=\toks65
\dt@b=\toks66
)
(/usr/local/texlive/2021/texmf-dist/tex/latex/hyperref/hyperref.sty
Package: hyperref 2021-02-27 v7.00k Hypertext links for LaTeX

(/usr/local/texlive/2021/texmf-dist/tex/generic/pdfescape/pdfescape.sty
Package: pdfescape 2019/12/09 v1.15 Implements pdfTeX's escape features (HO)
)
(/usr/local/texlive/2021/texmf-dist/tex/latex/hycolor/hycolor.sty
Package: hycolor 2020-01-27 v1.10 Color options for hyperref/bookmark (HO)
)
(/usr/local/texlive/2021/texmf-dist/tex/latex/letltxmacro/letltxmacro.sty
Package: letltxmacro 2019/12/03 v1.6 Let assignment for LaTeX macros (HO)
)
(/usr/local/texlive/2021/texmf-dist/tex/latex/auxhook/auxhook.sty
Package: auxhook 2019-12-17 v1.6 Hooks for auxiliary files (HO)
)
\@linkdim=\dimen190
\Hy@linkcounter=\count355
\Hy@pagecounter=\count356

(/usr/local/texlive/2021/texmf-dist/tex/latex/hyperref/pd1enc.def
File: pd1enc.def 2021-02-27 v7.00k Hyperref: PDFDocEncoding definition (HO)
Now handling font encoding PD1 ...
... no UTF-8 mapping file for font encoding PD1
)
(/usr/local/texlive/2021/texmf-dist/tex/latex/hyperref/hyperref-langpatches.def
File: hyperref-langpatches.def 2021-02-27 v7.00k Hyperref: patches for babel la
nguages
) (/usr/local/texlive/2021/texmf-dist/tex/generic/intcalc/intcalc.sty
Package: intcalc 2019/12/15 v1.3 Expandable calculations with integers (HO)
)
(/usr/local/texlive/2021/texmf-dist/tex/generic/etexcmds/etexcmds.sty
Package: etexcmds 2019/12/15 v1.7 Avoid name clashes with e-TeX commands (HO)
)
\Hy@SavedSpaceFactor=\count357

(/usr/local/texlive/2021/texmf-dist/tex/latex/hyperref/puenc.def
File: puenc.def 2021-02-27 v7.00k Hyperref: PDF Unicode definition (HO)
Now handling font encoding PU ...
... no UTF-8 mapping file for font encoding PU
)
Package hyperref Info: Hyper figures OFF on input line 4192.
Package hyperref Info: Link nesting OFF on input line 4197.
Package hyperref Info: Hyper index ON on input line 4200.
Package hyperref Info: Plain pages OFF on input line 4207.
Package hyperref Info: Backreferencing OFF on input line 4212.
Package hyperref Info: Implicit mode ON; LaTeX internals redefined.
Package hyperref Info: Bookmarks ON on input line 4445.
\c@Hy@tempcnt=\count358

(/usr/local/texlive/2021/texmf-dist/tex/latex/url/url.sty
\Urlmuskip=\muskip17
Package: url 2013/09/16  ver 3.4  Verb mode for urls, etc.
)
LaTeX Info: Redefining \url on input line 4804.
\XeTeXLinkMargin=\dimen191

(/usr/local/texlive/2021/texmf-dist/tex/generic/bitset/bitset.sty
Package: bitset 2019/12/09 v1.3 Handle bit-vector datatype (HO)

(/usr/local/texlive/2021/texmf-dist/tex/generic/bigintcalc/bigintcalc.sty
Package: bigintcalc 2019/12/15 v1.5 Expandable calculations on big integers (HO
)
))
\Fld@menulength=\count359
\Field@Width=\dimen192
\Fld@charsize=\dimen193
Package hyperref Info: Hyper figures OFF on input line 6075.
Package hyperref Info: Link nesting OFF on input line 6080.
Package hyperref Info: Hyper index ON on input line 6083.
Package hyperref Info: backreferencing OFF on input line 6090.
Package hyperref Info: Link coloring OFF on input line 6095.
Package hyperref Info: Link coloring with OCG OFF on input line 6100.
Package hyperref Info: PDF/A mode OFF on input line 6105.
LaTeX Info: Redefining \ref on input line 6145.
LaTeX Info: Redefining \pageref on input line 6149.

(/usr/local/texlive/2021/texmf-dist/tex/latex/base/atbegshi-ltx.sty
Package: atbegshi-ltx 2020/08/17 v1.0a Emulation of the original atbegshi packa
ge
with kernel methods
)
\Hy@abspage=\count360
\c@Item=\count361
\c@Hfootnote=\count362
)
Package hyperref Info: Driver (autodetected): hpdftex.

(/usr/local/texlive/2021/texmf-dist/tex/latex/hyperref/hpdftex.def
File: hpdftex.def 2021-02-27 v7.00k Hyperref driver for pdfTeX

(/usr/local/texlive/2021/texmf-dist/tex/latex/base/atveryend-ltx.sty
Package: atveryend-ltx 2020/08/19 v1.0a Emulation of the original atvery packag
e
with kernel methods
)
\Fld@listcount=\count363
\c@bookmark@seq@number=\count364

(/usr/local/texlive/2021/texmf-dist/tex/latex/rerunfilecheck/rerunfilecheck.sty
Package: rerunfilecheck 2019/12/05 v1.9 Rerun checks for auxiliary files (HO)

(/usr/local/texlive/2021/texmf-dist/tex/generic/uniquecounter/uniquecounter.sty
Package: uniquecounter 2019/12/15 v1.4 Provide unlimited unique counter (HO)
)
Package uniquecounter Info: New unique counter `rerunfilecheck' on input line 2
86.
)
\Hy@SectionHShift=\skip68
)
(/usr/local/texlive/2021/texmf-dist/tex/latex/l3backend/l3backend-pdftex.def
File: l3backend-pdftex.def 2021-03-18 L3 backend support: PDF output (pdfTeX)
\l__color_backend_stack_int=\count365
\l__pdf_internal_box=\box61
)
(./Appendix.aux)
\openout1 = `Appendix.aux'.

LaTeX Font Info:    Checking defaults for OML/cmm/m/it on input line 94.
LaTeX Font Info:    ... okay on input line 94.
LaTeX Font Info:    Checking defaults for OMS/cmsy/m/n on input line 94.
LaTeX Font Info:    ... okay on input line 94.
LaTeX Font Info:    Checking defaults for OT1/cmr/m/n on input line 94.
LaTeX Font Info:    ... okay on input line 94.
LaTeX Font Info:    Checking defaults for T1/cmr/m/n on input line 94.
LaTeX Font Info:    ... okay on input line 94.
LaTeX Font Info:    Checking defaults for TS1/cmr/m/n on input line 94.
LaTeX Font Info:    ... okay on input line 94.
LaTeX Font Info:    Checking defaults for OMX/cmex/m/n on input line 94.
LaTeX Font Info:    ... okay on input line 94.
LaTeX Font Info:    Checking defaults for U/cmr/m/n on input line 94.
LaTeX Font Info:    ... okay on input line 94.
LaTeX Font Info:    Checking defaults for PD1/pdf/m/n on input line 94.
LaTeX Font Info:    ... okay on input line 94.
LaTeX Font Info:    Checking defaults for PU/pdf/m/n on input line 94.
LaTeX Font Info:    ... okay on input line 94.

*geometry* driver: auto-detecting
*geometry* detected driver: pdftex
*geometry* verbose mode - [ preamble ] result:
* driver: pdftex
* paper: letterpaper
* layout: <same size as paper>
* layoutoffset:(h,v)=(0.0pt,0.0pt)
* modes: 
* h-part:(L,W,R)=(72.26999pt, 469.75502pt, 72.26999pt)
* v-part:(T,H,B)=(72.26999pt, 650.43001pt, 72.26999pt)
* \paperwidth=614.295pt
* \paperheight=794.96999pt
* \textwidth=469.75502pt
* \textheight=650.43001pt
* \oddsidemargin=0.0pt
* \evensidemargin=0.0pt
* \topmargin=-37.0pt
* \headheight=12.0pt
* \headsep=25.0pt
* \topskip=12.0pt
* \footskip=30.0pt
* \marginparwidth=44.0pt
* \marginparsep=10.0pt
* \columnsep=10.0pt
* \skip\footins=10.8pt plus 4.0pt minus 2.0pt
* \hoffset=0.0pt
* \voffset=0.0pt
* \mag=1000
* \@twocolumnfalse
* \@twosidefalse
* \@mparswitchfalse
* \@reversemarginfalse
* (1in=72.27pt=25.4mm, 1cm=28.453pt)

(/usr/local/texlive/2021/texmf-dist/tex/context/base/mkii/supp-pdf.mkii
[Loading MPS to PDF converter (version 2006.09.02).]
\scratchcounter=\count366
\scratchdimen=\dimen194
\scratchbox=\box62
\nofMPsegments=\count367
\nofMParguments=\count368
\everyMPshowfont=\toks67
\MPscratchCnt=\count369
\MPscratchDim=\dimen195
\MPnumerator=\count370
\makeMPintoPDFobject=\count371
\everyMPtoPDFconversion=\toks68
)
Package caption Info: Begin \AtBeginDocument code.
Package caption Info: hyperref package is loaded.
Package caption Info: End \AtBeginDocument code.
 (/usr/local/texlive/2021/texmf-dist/tex/latex/fmtcount/fc-english.def
File: fc-english.def 2016/01/12
)
Package hyperref Info: Link coloring OFF on input line 94.

(/usr/local/texlive/2021/texmf-dist/tex/latex/hyperref/nameref.sty
Package: nameref 2021-04-02 v2.47 Cross-referencing by name of section

(/usr/local/texlive/2021/texmf-dist/tex/latex/refcount/refcount.sty
Package: refcount 2019/12/15 v3.6 Data extraction from label references (HO)
)
(/usr/local/texlive/2021/texmf-dist/tex/generic/gettitlestring/gettitlestring.s
ty
Package: gettitlestring 2019/12/15 v1.6 Cleanup title references (HO)
)
\c@section@level=\count372
)
LaTeX Info: Redefining \ref on input line 94.
LaTeX Info: Redefining \pageref on input line 94.
LaTeX Info: Redefining \nameref on input line 94.
 (./Appendix.out) (./Appendix.out)
\@outlinefile=\write5
\openout5 = `Appendix.out'.

LaTeX Font Info:    Trying to load font information for U+msa on input line 98.


(/usr/local/texlive/2021/texmf-dist/tex/latex/amsfonts/umsa.fd
File: umsa.fd 2013/01/14 v3.01 AMS symbols A
)
LaTeX Font Info:    Trying to load font information for U+msb on input line 98.


(/usr/local/texlive/2021/texmf-dist/tex/latex/amsfonts/umsb.fd
File: umsb.fd 2013/01/14 v3.01 AMS symbols B
) (./Appendix.toc

LaTeX Warning: Reference `prop:variance' on page 1 undefined on input line 12.


LaTeX Warning: Reference `prop:BGMS' on page 1 undefined on input line 13.


LaTeX Warning: Reference `prop:consensus' on page 1 undefined on input line 14.



LaTeX Warning: Reference `prop:pooledFE' on page 1 undefined on input line 15.


LaTeX Warning: Reference `prop:disagreement' on page 1 undefined on input line 
16.

)
\tf@toc=\write6
\openout6 = `Appendix.toc'.

 [1

{/usr/local/texlive/2021/texmf-var/fonts/map/pdftex/updmap/pdftex.map}]
(../output/tables/cpi_gdp_current_future_sdtest_robvar.tex)pdfTeX warning (ext4
): destination with the same identifier (name{page.1}) has been already used, d
uplicate ignored
<to be read again> 
                   \relax 
l.125 
       [1] (./Sections/robustness.tex

LaTeX Warning: Reference `tab:updating_errors_main_small' on page 2 undefined o
n input line 2.


LaTeX Warning: Reference `tab:tab_main' on page 2 undefined on input line 2.

[2]

LaTeX Warning: Reference `eq:regModelFE' on page 3 undefined on input line 4.

[3]

LaTeX Warning: Reference `eq:regModelFE' on page 4 undefined on input line 36.

[4] (../output/tables/robustness_alltables_revision.tex

LaTeX Warning: Reference `tab:updating_errors_main_small' on page 5 undefined o
n input line 44.


LaTeX Warning: Reference `tab:tab_main' on page 5 undefined on input line 44.

) [5

] (../output/tables/rob_se_tab_labs_withdistinct_bw.tex)) [6

]
(../output/tables/emerging_advanced_sum.tex
Underfull \hbox (badness 10000) in alignment at lines 31--31
[][][][][][][][][] 
 []

) (../output/tables/tab_stderr_rob.tex) [7

]
(../output/tables/tab_errors_rob.tex) [8]
(../output/tables/tab_updating_rob.tex)
(../output/tables/tab_updating_errors_app_small.tex) [9] [10]
(../output/tables/tab_rob_BGMS.tex

LaTeX Warning: Reference `eq:BGMS' on page 11 undefined on input line 31.

) [11

] (../output/tables/tab_rob_overextr.tex

LaTeX Warning: Reference `eq:rhohat' on page 12 undefined on input line 31.

) [12


] (../output/tables/tab_rob_past_consensus.tex) [13


]
(../output/tables/tab_rob_last_vintage.tex) [14


]
(../output/tables/tab_rob_bias.tex) [15


]
(../output/tables/tab_rob_consensus.tex

LaTeX Warning: Reference `eq:consensus' on page 16 undefined on input line 28.

) [16


] (../output/tables/tab_rob_FE.tex

LaTeX Warning: Reference `eq:pooledFE' on page 17 undefined on input line 28.

) [17


] (../output/tables/tab_rob_disag.tex

LaTeX Warning: Reference `eq:disagreement' on page 18 undefined on input line 2
3.

) [18


] (../output/tables/tab_r3.tex

LaTeX Warning: Reference `eq:pooledFE' on page 19 undefined on input line 30.


LaTeX Warning: Reference `eq:disagreement' on page 19 undefined on input line 3
0.

) [19


] (../output/tables/error_reg_labs_cs_ind.tex)
(../output/tables/FE_reg_mg.tex) [20

]
Underfull \hbox (badness 10000) in paragraph at lines 274--274
\OT1/cmr/m/n/10 ([]Mayer and Zig-nago[],
 []


Underfull \hbox (badness 6592) in paragraph at lines 274--274
[]|[]\OT1/cmr/m/n/10 Spolaore and Wacziarg[]
 []


Underfull \hbox (badness 10000) in paragraph at lines 274--274
[]|\OT1/cmr/m/n/10 Linguistic
 []


Underfull \hbox (badness 1596) in paragraph at lines 274--274
[]|[]\OT1/cmr/m/n/10 Fearon[] ([]2003[]), []Spo-laore
 []


Underfull \hbox (badness 1231) in paragraph at lines 274--274
\OT1/cmr/m/n/10 cle Co-move-
 []


Underfull \hbox (badness 10000) in paragraph at lines 274--274
[]|\OT1/cmr/m/n/10 Constructed us-ing the
 []


Underfull \hbox (badness 2809) in paragraph at lines 274--274
[]|\OT1/cmr/m/n/10 Trade Link-
 []


Underfull \hbox (badness 1796) in paragraph at lines 274--274
\OT1/cmr/m/n/10 GeoDist dataset ([]Mayer
 []


Underfull \hbox (badness 4467) in paragraph at lines 274--274
[]|\OT1/cmr/m/n/10 ([]Kaufmann and Kraay[],
 []


Underfull \hbox (badness 10000) in paragraph at lines 274--274
[]|\OT1/cmr/m/n/10 Low Cap.
 []


Underfull \hbox (badness 10000) in alignment at lines 274--274
[][][] 
 []


LaTeX Warning: Reference `tab:error_reg_labs_gravity' on page 21 undefined on i
nput line 276.

[21] [22]
<../output/figures/hq_sub_obs.pdf, id=267, 289.08pt x 289.08pt>
File: ../output/figures/hq_sub_obs.pdf Graphic file (type pdf)
<use ../output/figures/hq_sub_obs.pdf>
Package pdftex.def Info: ../output/figures/hq_sub_obs.pdf  used on input line 2
94.
(pdftex.def)             Requested size: 187.89914pt x 187.89977pt.
<../output/figures/hq_sub_pairs.pdf, id=268, 289.08pt x 289.08pt>
File: ../output/figures/hq_sub_pairs.pdf Graphic file (type pdf)
<use ../output/figures/hq_sub_pairs.pdf>
Package pdftex.def Info: ../output/figures/hq_sub_pairs.pdf  used on input line
 295.
(pdftex.def)             Requested size: 187.89914pt x 187.89977pt.
<../output/figures/hq_sub_obs_by_cty.pdf, id=269, 397.485pt x 289.08pt>
File: ../output/figures/hq_sub_obs_by_cty.pdf Graphic file (type pdf)
<use ../output/figures/hq_sub_obs_by_cty.pdf>
Package pdftex.def Info: ../output/figures/hq_sub_obs_by_cty.pdf  used on input
 line 306.
(pdftex.def)             Requested size: 422.77664pt x 307.48196pt.
 [23 <../output/figures/hq_sub_obs.pdf> <../output/figures/hq_sub_pairs.pdf>]
<../output/figures/loc_for_inst.pdf, id=287, 289.08pt x 289.08pt>
File: ../output/figures/loc_for_inst.pdf Graphic file (type pdf)
<use ../output/figures/loc_for_inst.pdf>
Package pdftex.def Info: ../output/figures/loc_for_inst.pdf  used on input line
 317.
(pdftex.def)             Requested size: 187.89914pt x 187.89977pt.
<../output/figures/loc_for_obs.pdf, id=288, 289.08pt x 289.08pt>
File: ../output/figures/loc_for_obs.pdf Graphic file (type pdf)
<use ../output/figures/loc_for_obs.pdf>
Package pdftex.def Info: ../output/figures/loc_for_obs.pdf  used on input line 
318.
(pdftex.def)             Requested size: 187.89914pt x 187.89977pt.
 [24 <../output/figures/hq_sub_obs_by_cty.pdf>]
<../output/figures/hist_mult.pdf, id=301, 397.485pt x 289.08pt>
File: ../output/figures/hist_mult.pdf Graphic file (type pdf)
<use ../output/figures/hist_mult.pdf>
Package pdftex.def Info: ../output/figures/hist_mult.pdf  used on input line 33
0.
(pdftex.def)             Requested size: 187.89914pt x 136.65718pt.
<../output/figures/hist_nat.pdf, id=302, 397.485pt x 289.08pt>
File: ../output/figures/hist_nat.pdf Graphic file (type pdf)
<use ../output/figures/hist_nat.pdf>
Package pdftex.def Info: ../output/figures/hist_nat.pdf  used on input line 331
.
(pdftex.def)             Requested size: 187.89914pt x 136.65718pt.
 [25 <../output/figures/loc_for_inst.pdf> <../output/figures/loc_for_obs.pdf> <
../output/figures/hist_mult.pdf> <../output/figures/hist_nat.pdf>]
<../output/figures/cpi_current_FE_density.pdf, id=334, 397.485pt x 289.08pt>
File: ../output/figures/cpi_current_FE_density.pdf Graphic file (type pdf)
<use ../output/figures/cpi_current_FE_density.pdf>
Package pdftex.def Info: ../output/figures/cpi_current_FE_density.pdf  used on 
input line 349.
(pdftex.def)             Requested size: 225.4804pt x 163.98773pt.
<../output/figures/gdp_current_FE_density.pdf, id=335, 397.485pt x 289.08pt>
File: ../output/figures/gdp_current_FE_density.pdf Graphic file (type pdf)
<use ../output/figures/gdp_current_FE_density.pdf>
Package pdftex.def Info: ../output/figures/gdp_current_FE_density.pdf  used on 
input line 356.
(pdftex.def)             Requested size: 225.4804pt x 163.98773pt.
<../output/figures/cpi_future_FE_density.pdf, id=336, 397.485pt x 289.08pt>
File: ../output/figures/cpi_future_FE_density.pdf Graphic file (type pdf)
<use ../output/figures/cpi_future_FE_density.pdf>
Package pdftex.def Info: ../output/figures/cpi_future_FE_density.pdf  used on i
nput line 363.
(pdftex.def)             Requested size: 225.4804pt x 163.98773pt.
<../output/figures/gdp_future_FE_density.pdf, id=337, 397.485pt x 289.08pt>
File: ../output/figures/gdp_future_FE_density.pdf Graphic file (type pdf)
<use ../output/figures/gdp_future_FE_density.pdf>
Package pdftex.def Info: ../output/figures/gdp_future_FE_density.pdf  used on i
nput line 370.
(pdftex.def)             Requested size: 225.4804pt x 163.98773pt.
<../output/figures/cpi_current_N_density.pdf, id=338, 397.485pt x 289.08pt>
File: ../output/figures/cpi_current_N_density.pdf Graphic file (type pdf)
<use ../output/figures/cpi_current_N_density.pdf>
Package pdftex.def Info: ../output/figures/cpi_current_N_density.pdf  used on i
nput line 389.
(pdftex.def)             Requested size: 225.4804pt x 163.98773pt.
<../output/figures/gdp_current_N_density.pdf, id=339, 397.485pt x 289.08pt>
File: ../output/figures/gdp_current_N_density.pdf Graphic file (type pdf)
<use ../output/figures/gdp_current_N_density.pdf>
Package pdftex.def Info: ../output/figures/gdp_current_N_density.pdf  used on i
nput line 396.
(pdftex.def)             Requested size: 225.4804pt x 163.98773pt.
<../output/figures/cpi_current_N_density2.pdf, id=340, 397.485pt x 289.08pt>
File: ../output/figures/cpi_current_N_density2.pdf Graphic file (type pdf)
<use ../output/figures/cpi_current_N_density2.pdf>
Package pdftex.def Info: ../output/figures/cpi_current_N_density2.pdf  used on 
input line 403.
(pdftex.def)             Requested size: 225.4804pt x 163.98773pt.
<../output/figures/gdp_current_N_density2.pdf, id=341, 397.485pt x 289.08pt>
File: ../output/figures/gdp_current_N_density2.pdf Graphic file (type pdf)
<use ../output/figures/gdp_current_N_density2.pdf>
Package pdftex.def Info: ../output/figures/gdp_current_N_density2.pdf  used on 
input line 410.
(pdftex.def)             Requested size: 225.4804pt x 163.98773pt.
 [26 <../output/figures/cpi_current_FE_density.pdf> <../output/figures/gdp_curr
ent_FE_density.pdf> <../output/figures/cpi_future_FE_density.pdf> <../output/fi
gures/gdp_future_FE_density.pdf>]
[27 <../output/figures/cpi_current_N_density.pdf> <../output/figures/gdp_curren
t_N_density.pdf> <../output/figures/cpi_current_N_density2.pdf> <../output/figu
res/gdp_current_N_density2.pdf>]
<../output/figures/dist_beta_cpi_cty.pdf, id=416, 397.485pt x 289.08pt>
File: ../output/figures/dist_beta_cpi_cty.pdf Graphic file (type pdf)
<use ../output/figures/dist_beta_cpi_cty.pdf>
Package pdftex.def Info: ../output/figures/dist_beta_cpi_cty.pdf  used on input
 line 452.
(pdftex.def)             Requested size: 225.4804pt x 163.98773pt.
<../output/figures/dist_beta_gdp_cty.pdf, id=417, 397.485pt x 289.08pt>
File: ../output/figures/dist_beta_gdp_cty.pdf Graphic file (type pdf)
<use ../output/figures/dist_beta_gdp_cty.pdf>
Package pdftex.def Info: ../output/figures/dist_beta_gdp_cty.pdf  used on input
 line 459.
(pdftex.def)             Requested size: 225.4804pt x 163.98773pt.
 [28 <../output/figures/dist_beta_cpi_cty.pdf> <../output/figures/dist_beta_gdp
_cty.pdf>]
<../output/figures/heterogeneity_by_month.pdf, id=435, 397.485pt x 289.08pt>
File: ../output/figures/heterogeneity_by_month.pdf Graphic file (type pdf)
<use ../output/figures/heterogeneity_by_month.pdf>
Package pdftex.def Info: ../output/figures/heterogeneity_by_month.pdf  used on 
input line 475.
(pdftex.def)             Requested size: 305.33789pt x 222.07178pt.
<../output/figures/heterogeneity_by_year.pdf, id=436, 397.485pt x 289.08pt>
File: ../output/figures/heterogeneity_by_year.pdf Graphic file (type pdf)
<use ../output/figures/heterogeneity_by_year.pdf>
Package pdftex.def Info: ../output/figures/heterogeneity_by_year.pdf  used on i
nput line 481.
(pdftex.def)             Requested size: 305.33789pt x 222.07178pt.
<../output/figures/heterogeneity_by_cty.pdf, id=437, 397.485pt x 289.08pt>
File: ../output/figures/heterogeneity_by_cty.pdf Graphic file (type pdf)
<use ../output/figures/heterogeneity_by_cty.pdf>
Package pdftex.def Info: ../output/figures/heterogeneity_by_cty.pdf  used on in
put line 487.
(pdftex.def)             Requested size: 305.33789pt x 222.07178pt.
<../output/figures/heterogeneity_by_for.pdf, id=438, 397.485pt x 289.08pt>
File: ../output/figures/heterogeneity_by_for.pdf Graphic file (type pdf)
<use ../output/figures/heterogeneity_by_for.pdf>
Package pdftex.def Info: ../output/figures/heterogeneity_by_for.pdf  used on in
put line 493.
(pdftex.def)             Requested size: 305.33789pt x 222.07178pt.


LaTeX Warning: Reference `eq:heterogeneity' on page 29 undefined on input line 
498.

[29

]
Overfull \vbox (69.11615pt too high) has occurred while \output is active []


[30 <../output/figures/heterogeneity_by_month.pdf> <../output/figures/heterogen
eity_by_year.pdf> <../output/figures/heterogeneity_by_cty.pdf> <../output/figur
es/heterogeneity_by_for.pdf>] (./Sections/proofs.tex

LaTeX Warning: Reference `prop:variance' on page 31 undefined on input line 2.


LaTeX Warning: Reference `ass:nobias' on page 31 undefined on input line 7.


LaTeX Warning: Reference `ass:nobias' on page 31 undefined on input line 16.

[31

]

LaTeX Warning: Reference `prop:variance' on page 32 undefined on input line 39.



LaTeX Warning: Reference `prop:BGMS' on page 32 undefined on input line 49.


LaTeX Warning: Reference `eq:BGMS' on page 32 undefined on input line 53.

[32] [33]
Overfull \hbox (22.03966pt too wide) detected at line 96
[]
 []


Overfull \hbox (47.54605pt too wide) detected at line 108
[]
 []

[34]
Overfull \hbox (2.16237pt too wide) detected at line 116
[]
 []


LaTeX Warning: Reference `prop:BGMS' on page 35 undefined on input line 125.

[35]
Overfull \hbox (56.40273pt too wide) in paragraph at lines 129--130
[]\OT1/cmr/m/n/12 Note that $\OML/cmm/m/it/12 ^^L[]$ \OT1/cmr/m/n/12 and $\OML/
cmm/m/it/12 ^^L[]$ \OT1/cmr/m/n/12 are func-tions of the pa-ram-e-ters, so we d
e-note $\OML/cmm/m/it/12 ^^L[] \OT1/cmr/m/n/12 = \OML/cmm/m/it/12 g[] []$
 []


LaTeX Warning: Reference `prop:BGMS' on page 36 undefined on input line 131.


LaTeX Warning: Reference `prop:consensus' on page 36 undefined on input line 13
4.


LaTeX Warning: Reference `ass:nobias' on page 36 undefined on input line 138.


LaTeX Warning: Reference `ass:loc_hom' on page 36 undefined on input line 138.


LaTeX Warning: Reference `eq:consensus' on page 36 undefined on input line 138.



LaTeX Warning: Reference `ass:nobias' on page 36 undefined on input line 144.


LaTeX Warning: Reference `ass:loc_hom' on page 36 undefined on input line 144.

[36]
Overfull \hbox (20.66005pt too wide) detected at line 153
[]
 []


Overfull \hbox (16.95277pt too wide) detected at line 156
[]
 []

[37]
Overfull \hbox (15.9484pt too wide) in paragraph at lines 194--196
\OT1/cmr/m/n/12 Since we are con-sid-er-ing a case with-out be-hav-ioral bi-ais
, we have $\OML/cmm/m/it/12 Cov [] \OT1/cmr/m/n/12 =
 []


LaTeX Warning: Reference `prop:consensus' on page 38 undefined on input line 19
9.


LaTeX Warning: Reference `prop:pooledFE' on page 38 undefined on input line 202
.


LaTeX Warning: Reference `ass:loc_hom' on page 38 undefined on input line 206.


LaTeX Warning: Reference `eq:pooledFE' on page 38 undefined on input line 206.


LaTeX Warning: Reference `ass:loc_hom' on page 38 undefined on input line 212.

[38]

LaTeX Warning: Reference `ass:hom' on page 39 undefined on input line 231.


LaTeX Warning: Reference `prop:pooledFE' on page 39 undefined on input line 231
.


LaTeX Warning: Reference `prop:disagreement' on page 39 undefined on input line
 236.


LaTeX Warning: Reference `ass:loc_hom' on page 39 undefined on input line 240.


LaTeX Warning: Reference `eq:disagreement' on page 39 undefined on input line 2
40.

[39]

LaTeX Warning: Reference `ass:loc_hom' on page 40 undefined on input line 246.


LaTeX Warning: Reference `eq:disagreement' on page 40 undefined on input line 2
48.


LaTeX Warning: Reference `eq:update' on page 40 undefined on input line 261.

[40]
Overfull \hbox (52.81795pt too wide) detected at line 275
[]
 []


Overfull \hbox (29.50278pt too wide) detected at line 290
[]
 []

[41]

LaTeX Warning: Reference `ass:hom' on page 42 undefined on input line 295.


LaTeX Warning: Reference `prop:disagreement' on page 42 undefined on input line
 295.

) (./Appendix.bbl [42]) [43] (./Appendix.aux)

LaTeX Warning: There were undefined references.

Package rerunfilecheck Info: File `Appendix.out' has not changed.
(rerunfilecheck)             Checksum: 793ADC3C5BA912840136B2135943A24E;1445.
 ) 
Here is how much of TeX's memory you used:
 16892 strings out of 478994
 266077 string characters out of 5858183
 707087 words of memory out of 5000000
 33837 multiletter control sequences out of 15000+600000
 419137 words of font info for 84 fonts, out of 8000000 for 9000
 1141 hyphenation exceptions out of 8191
 102i,16n,117p,1164b,1611s stack positions out of 5000i,500n,10000p,200000b,80000s
{/usr/local/texlive/2021/texmf-dist/fonts/enc/dvips/cm-super/cm-super-ts1.enc
}</usr/local/texlive/2021/texmf-dist/fonts/type1/public/amsfonts/cm/cmbx10.pfb>
</usr/local/texlive/2021/texmf-dist/fonts/type1/public/amsfonts/cm/cmbx12.pfb><
/usr/local/texlive/2021/texmf-dist/fonts/type1/public/amsfonts/cm/cmbx8.pfb></u
sr/local/texlive/2021/texmf-dist/fonts/type1/public/amsfonts/cm/cmex10.pfb></us
r/local/texlive/2021/texmf-dist/fonts/type1/public/amsfonts/cmextra/cmex8.pfb><
/usr/local/texlive/2021/texmf-dist/fonts/type1/public/amsfonts/cm/cmmi10.pfb></
usr/local/texlive/2021/texmf-dist/fonts/type1/public/amsfonts/cm/cmmi12.pfb></u
sr/local/texlive/2021/texmf-dist/fonts/type1/public/amsfonts/cm/cmmi5.pfb></usr
/local/texlive/2021/texmf-dist/fonts/type1/public/amsfonts/cm/cmmi6.pfb></usr/l
ocal/texlive/2021/texmf-dist/fonts/type1/public/amsfonts/cm/cmmi7.pfb></usr/loc
al/texlive/2021/texmf-dist/fonts/type1/public/amsfonts/cm/cmmi8.pfb></usr/local
/texlive/2021/texmf-dist/fonts/type1/public/amsfonts/cm/cmr10.pfb></usr/local/t
exlive/2021/texmf-dist/fonts/type1/public/amsfonts/cm/cmr12.pfb></usr/local/tex
live/2021/texmf-dist/fonts/type1/public/amsfonts/cm/cmr17.pfb></usr/local/texli
ve/2021/texmf-dist/fonts/type1/public/amsfonts/cm/cmr6.pfb></usr/local/texlive/
2021/texmf-dist/fonts/type1/public/amsfonts/cm/cmr7.pfb></usr/local/texlive/202
1/texmf-dist/fonts/type1/public/amsfonts/cm/cmr8.pfb></usr/local/texlive/2021/t
exmf-dist/fonts/type1/public/amsfonts/cm/cmsl12.pfb></usr/local/texlive/2021/te
xmf-dist/fonts/type1/public/amsfonts/cm/cmsy10.pfb></usr/local/texlive/2021/tex
mf-dist/fonts/type1/public/amsfonts/cm/cmsy6.pfb></usr/local/texlive/2021/texmf
-dist/fonts/type1/public/amsfonts/cm/cmsy7.pfb></usr/local/texlive/2021/texmf-d
ist/fonts/type1/public/amsfonts/cm/cmsy8.pfb></usr/local/texlive/2021/texmf-dis
t/fonts/type1/public/amsfonts/cm/cmti10.pfb></usr/local/texlive/2021/texmf-dist
/fonts/type1/public/amsfonts/cm/cmti12.pfb></usr/local/texlive/2021/texmf-dist/
fonts/type1/public/amsfonts/cm/cmti7.pfb></usr/local/texlive/2021/texmf-dist/fo
nts/type1/public/amsfonts/cm/cmti8.pfb></usr/local/texlive/2021/texmf-dist/font
s/type1/public/amsfonts/symbols/msam10.pfb></usr/local/texlive/2021/texmf-dist/
fonts/type1/public/amsfonts/symbols/msbm10.pfb></usr/local/texlive/2021/texmf-d
ist/fonts/type1/public/cm-super/sfrm0700.pfb></usr/local/texlive/2021/texmf-dis
t/fonts/type1/public/cm-super/sfrm1000.pfb>
Output written on Appendix.pdf (44 pages, 1509912 bytes).
PDF statistics:
 680 PDF objects out of 1000 (max. 8388607)
 515 compressed objects within 6 object streams
 114 named destinations out of 1000 (max. 500000)
 186 words of extra memory for PDF output out of 10000 (max. 10000000)

