This is pdfTeX, Version 3.141592653-2.6-1.40.24 (MiKTeX 22.10) (preloaded format=pdflatex 2022.11.2)  10 JUL 2024 09:15
entering extended mode
 restricted \write18 enabled.
 %&-line parsing enabled.
**./introduction.tex
(introduction.tex
LaTeX2e <2022-06-01> patch level 5
L3 programming layer <2022-09-28>
(C:\Users\kbenhima\AppData\Local\Programs\MiKTeX\tex/latex/base\article.cls
Document Class: article 2021/10/04 v1.4n Standard LaTeX document class
(C:\Users\kbenhima\AppData\Local\Programs\MiKTeX\tex/latex/base\size12.clo
File: size12.clo 2021/10/04 v1.4n Standard LaTeX file (size option)
)
\c@part=\count185
\c@section=\count186
\c@subsection=\count187
\c@subsubsection=\count188
\c@paragraph=\count189
\c@subparagraph=\count190
\c@figure=\count191
\c@table=\count192
\abovecaptionskip=\skip47
\belowcaptionskip=\skip48
\bibindent=\dimen138
)
(C:\Users\kbenhima\AppData\Local\Programs\MiKTeX\tex/latex/natbib\natbib.sty
Package: natbib 2010/09/13 8.31b (PWD, AO)
\bibhang=\skip49
\bibsep=\skip50
LaTeX Info: Redefining \cite on input line 694.
\c@NAT@ctr=\count193
)
(C:\Users\kbenhima\AppData\Local\Programs\MiKTeX\tex/latex/l3backend\l3backend-
pdftex.def
File: l3backend-pdftex.def 2022-09-28 L3 backend support: PDF output (pdfTeX)
\l__color_backend_stack_int=\count194
\l__pdf_internal_box=\box51
)
No file introduction.aux.
\openout1 = `introduction.aux'.

LaTeX Font Info:    Checking defaults for OML/cmm/m/it on input line 4.
LaTeX Font Info:    ... okay on input line 4.
LaTeX Font Info:    Checking defaults for OMS/cmsy/m/n on input line 4.
LaTeX Font Info:    ... okay on input line 4.
LaTeX Font Info:    Checking defaults for OT1/cmr/m/n on input line 4.
LaTeX Font Info:    ... okay on input line 4.
LaTeX Font Info:    Checking defaults for T1/cmr/m/n on input line 4.
LaTeX Font Info:    ... okay on input line 4.
LaTeX Font Info:    Checking defaults for TS1/cmr/m/n on input line 4.
LaTeX Font Info:    ... okay on input line 4.
LaTeX Font Info:    Checking defaults for OMX/cmex/m/n on input line 4.
LaTeX Font Info:    ... okay on input line 4.
LaTeX Font Info:    Checking defaults for U/cmr/m/n on input line 4.
LaTeX Font Info:    ... okay on input line 4.
LaTeX Font Info:    External font `cmex10' loaded for size
(Font)              <12> on input line 6.
LaTeX Font Info:    External font `cmex10' loaded for size
(Font)              <8> on input line 6.
LaTeX Font Info:    External font `cmex10' loaded for size
(Font)              <6> on input line 6.
LaTeX Font Info:    External font `cmex10' loaded for size
(Font)              <7> on input line 6.
LaTeX Font Info:    External font `cmex10' loaded for size
(Font)              <5> on input line 6.

Package natbib Warning: Citation `FrenchPoterba1991' on page 1 undefined on inp
ut line 6.


Package natbib Warning: Citation `Gehrig1993' on page 1 undefined on input line
 6.


Package natbib Warning: Citation `BrennanCao1997' on page 1 undefined on input 
line 6.


Package natbib Warning: Citation `Grossman1976' on page 1 undefined on input li
ne 6.


Package natbib Warning: Citation `Admati1985' on page 1 undefined on input line
 6.


Package natbib Warning: Citation `Lewis1999' on page 1 undefined on input line 
6.


Package natbib Warning: Citation `TesarWerner1995' on page 1 undefined on input
 line 6.


Package natbib Warning: Citation `Ahearneetal2004' on page 1 undefined on input
 line 6.


Package natbib Warning: Citation `PortesRey2005' on page 1 undefined on input l
ine 6.


Package natbib Warning: Citation `CoeurdacierRey2013' on page 1 undefined on in
put line 6.


Package natbib Warning: Citation `Hu2020' on page 1 undefined on input line 6.


Package natbib Warning: Citation `Admati1985' on page 1 undefined on input line
 6.


Package natbib Warning: Citation `Pastor2000' on page 1 undefined on input line
 6.


Package natbib Warning: Citation `Portesetal2001' on page 1 undefined on input 
line 6.


Package natbib Warning: Citation `VanNieuwerburghVeldkamp2009' on page 1 undefi
ned on input line 6.


Package natbib Warning: Citation `Mondria2010' on page 1 undefined on input lin
e 6.


Package natbib Warning: Citation `DeMarcoetal2021' on page 1 undefined on input
 line 6.


Package natbib Warning: Citation `Yuan2005' on page 1 undefined on input line 6
.


Package natbib Warning: Citation `Albuquerqueetal2007' on page 1 undefined on i
nput line 6.


Package natbib Warning: Citation `Albuquerqueetal2009' on page 1 undefined on i
nput line 6.


Package natbib Warning: Citation `BrennanCao1997' on page 1 undefined on input 
line 6.


Package natbib Warning: Citation `Broneretal2013' on page 1 undefined on input 
line 6.


Package natbib Warning: Citation `TillevanWincoop2010' on page 1 undefined on i
nput line 6.


Package natbib Warning: Citation `TillevanWincoop2014' on page 1 undefined on i
nput line 6.


Package natbib Warning: Citation `BenhimaCordonier2022' on page 1 undefined on 
input line 6.


Package natbib Warning: Citation `AndersonvanWincoop2004' on page 1 undefined o
n input line 6.


Package natbib Warning: Citation `HeadMayer2013' on page 1 undefined on input l
ine 6.


Package natbib Warning: Citation `Allen2014' on page 1 undefined on input line 
6.


Package natbib Warning: Citation `DasguptaMondria2018' on page 1 undefined on i
nput line 6.


Package natbib Warning: Citation `Eatonetal2021' on page 1 undefined on input l
ine 6.


Package natbib Warning: Citation `Baleyetal2020' on page 1 undefined on input l
ine 6.


Package natbib Warning: Citation `Iliopulosetal2021' on page 1 undefined on inp
ut line 6.


Package natbib Warning: Citation `Buietal2021' on page 1 undefined on input lin
e 6.


Package natbib Warning: Citation `CoibionGorodnichenko2015' on page 1 undefined
 on input line 10.


Package natbib Warning: Citation `Bordaloetal2020' on page 1 undefined on input
 line 10.


Package natbib Warning: Citation `BroerKohlhas2019' on page 1 undefined on inpu
t line 10.


Package natbib Warning: Citation `Angeletosetal2020' on page 1 undefined on inp
ut line 10.


Package natbib Warning: Citation `Goldstein2021' on page 1 undefined on input l
ine 10.

[1

{C:/Users/kbenhima/AppData/Local/MiKTeX/fonts/map/pdftex/pdftex.map}]

Package natbib Warning: Citation `LahiriSheng2010' on page 2 undefined on input
 line 14.


Package natbib Warning: Citation `RichTracy2010' on page 2 undefined on input l
ine 14.

[2]

Package natbib Warning: Citation `Jeske2001' on page 3 undefined on input line 
18.


Package natbib Warning: Citation `Glassman2001' on page 3 undefined on input li
ne 18.


Package natbib Warning: Citation `TillevanWincoop2014' on page 3 undefined on i
nput line 18.


Package natbib Warning: Citation `VanNieuwerburghVeldkamp2009' on page 3 undefi
ned on input line 22.


Package natbib Warning: Citation `Hatchondo2008' on page 3 undefined on input l
ine 22.


Package natbib Warning: Citation `Wallmeier2022' on page 3 undefined on input l
ine 22.


Package natbib Warning: Citation `Bhamra2014' on page 3 undefined on input line
 22.


Package natbib Warning: Citation `Levy2014' on page 3 undefined on input line 2
2.


Package natbib Warning: Citation `Allen2014' on page 3 undefined on input line 
22.

[3]

Package natbib Warning: Citation `CoibionGorodnichenko2015' on page 4 undefined
 on input line 33.

! Undefined control sequence.
\NAT@reset@citea ->\c@NAT@ctr \@ne \let \@citea 
                                                \@empty 
l.33 ...r analysis to a broader set of countries.}
                                                   \citet{Bordaloetal2020}, ...
The control sequence at the end of the top line
of your error message was never \def'ed. If you have
misspelled it (e.g., `\hobx'), type `I' and the correct
spelling (e.g., `I\hbox'). Otherwise just continue,
and I'll forget about whatever was undefined.

! Undefined control sequence.
<argument> \let \NAT@nm 
                        \@empty \let \NAT@year \@empty \@for \@citeb :=\NAT@...
l.33 ...r analysis to a broader set of countries.}
                                                   \citet{Bordaloetal2020}, ...
The control sequence at the end of the top line
of your error message was never \def'ed. If you have
misspelled it (e.g., `\hobx'), type `I' and the correct
spelling (e.g., `I\hbox'). Otherwise just continue,
and I'll forget about whatever was undefined.

! Undefined control sequence.
<argument> \let \NAT@nm \@empty \let \NAT@year 
                                               \@empty \@for \@citeb :=\NAT@...
l.33 ...r analysis to a broader set of countries.}
                                                   \citet{Bordaloetal2020}, ...
The control sequence at the end of the top line
of your error message was never \def'ed. If you have
misspelled it (e.g., `\hobx'), type `I' and the correct
spelling (e.g., `I\hbox'). Otherwise just continue,
and I'll forget about whatever was undefined.

)
! Incomplete \iffalse; all text was ignored after line 33.
<inserted text> 
                \fi 
<*> ./introduction.tex
                      
The file ended while I was skipping conditional text.
This kind of error happens when you say `\if...' and forget
the matching `\fi'. I've inserted a `\fi'; this might work.

! Emergency stop.
<*> ./introduction.tex
                      
*** (job aborted, no legal \end found)

 
Here is how much of TeX's memory you used:
 803 strings out of 475385
 13313 string characters out of 2775491
 362642 words of memory out of 3000000
 22254 multiletter control sequences out of 15000+600000
 472957 words of font info for 40 fonts, out of 8000000 for 9000
 1141 hyphenation exceptions out of 8191
 33i,8n,39p,2141b,186s stack positions out of 10000i,1000n,20000p,200000b,80000s
!  ==> Fatal error occurred, no output PDF file produced!
